
══════════════════════════════════════════════════════
  龍魂·双脑同步引擎 v1.1
  2026-03-08 03:00:01
══════════════════════════════════════════════════════
【双脑连通检测】
  🟢 展示脑: 已连接 · 💎 龍魂系统中枢大脑
  🟢 内核脑: 已连接 · 北极星

【读取展示脑页面】
  增量模式·上次同步: 2026-03-07T00:24
  读到 11 个页面

【本地备份】
  💾 本地备份 → brain_backup.jsonl (11 条)

【分类压缩】
  🎓 调教记录: 1 个
  🎯 愿景规划: 1 个
  🏛️ 治理宪法: 2 个
  👤 人格库: 3 个
  📖 其他: 4 个

【写入内核脑】
  父页: 自动选取「龍魂·知识索引·内核脑 | 2026-03-07 00:23」(31bb3d78...)
  🟢 内核脑页面已创建: https://www.notion.so/2026-03-08-03-01-31cb3d78066a8178b5f6fb311d150e17

══════════════════════════════════════════════════════
  同步完成
  总页面: 11  分类数: 5
  内核脑: https://www.notion.so/2026-03-08-03-01-31cb3d78066a8178b5f6f
  DNA: #龍芯⚡️2026-03-08-BRAIN-SYNC-5000ED
  三色: 🟢 通过
══════════════════════════════════════════════════════


══════════════════════════════════════════════════════
  龍魂·双脑同步引擎 v1.1
  2026-03-09 03:00:01
══════════════════════════════════════════════════════
【双脑连通检测】
  🟢 展示脑: 已连接 · 💎 龍魂系统中枢大脑
  🟢 内核脑: 已连接 · 北极星

【读取展示脑页面】
  增量模式·上次同步: 2026-03-08T14:52
  读到 1 个页面

【本地备份】
  💾 本地备份 → brain_backup.jsonl (1 条)

【分类压缩】
  📖 其他: 1 个

【写入内核脑】
  父页: 自动选取「龍魂·知识索引·内核脑 | 2026-03-08 14:50」(31db3d78...)
  🟢 内核脑页面已创建: https://www.notion.so/2026-03-09-03-02-31db3d78066a8198a9a4cdab4680ec5d

══════════════════════════════════════════════════════
  同步完成
  总页面: 1  分类数: 1
  内核脑: https://www.notion.so/2026-03-09-03-02-31db3d78066a8198a9a4c
  DNA: #龍芯⚡️2026-03-09-BRAIN-SYNC-BD87F4
  三色: 🟢 通过
══════════════════════════════════════════════════════


══════════════════════════════════════════════════════
  龍魂·双脑同步引擎 v1.1
  2026-03-10 03:00:01
══════════════════════════════════════════════════════
【双脑连通检测】
  🟢 展示脑: 已连接 · 💎 龍魂系统中枢大脑
  🟢 内核脑: 已连接 · 北极星

【读取展示脑页面】
  增量模式·上次同步: 2026-03-09T03:02
  读到 2 个页面

【本地备份】
  💾 本地备份 → brain_backup.jsonl (2 条)

【分类压缩】
  📖 其他: 2 个

【写入内核脑】
  父页: 自动选取「龍魂·知识索引·内核脑 | 2026-03-09 03:02」(31db3d78...)
  🟢 内核脑页面已创建: https://www.notion.so/2026-03-10-03-01-31eb3d78066a81908b9dc89ba624b3d8

══════════════════════════════════════════════════════
  同步完成
  总页面: 2  分类数: 1
  内核脑: https://www.notion.so/2026-03-10-03-01-31eb3d78066a81908b9dc
  DNA: #龍芯⚡️2026-03-10-BRAIN-SYNC-C4D5D5
  三色: 🟢 通过
══════════════════════════════════════════════════════


══════════════════════════════════════════════════════
  龍魂·双脑同步引擎 v1.1
  2026-03-11 03:00:00
══════════════════════════════════════════════════════
【双脑连通检测】
  🟢 展示脑: 已连接 · 💎 龍魂系统中枢大脑
  🟢 内核脑: 已连接 · 北极星

【读取展示脑页面】
  增量模式·上次同步: 2026-03-10T03:01
  读到 3 个页面

【本地备份】
  💾 本地备份 → brain_backup.jsonl (3 条)

【分类压缩】
  📖 其他: 3 个

【写入内核脑】
  父页: 自动选取「龍魂·知识索引·内核脑 | 2026-03-10 03:01」(31eb3d78...)
  🟢 内核脑页面已创建: https://www.notion.so/2026-03-11-03-02-31fb3d78066a81a7860dc013efdb4f4c

══════════════════════════════════════════════════════
  同步完成
  总页面: 3  分类数: 1
  内核脑: https://www.notion.so/2026-03-11-03-02-31fb3d78066a81a7860dc
  DNA: #龍芯⚡️2026-03-11-BRAIN-SYNC-514F56
  三色: 🟢 通过
══════════════════════════════════════════════════════


══════════════════════════════════════════════════════
  龍魂·双脑同步引擎 v1.1
  2026-03-12 03:00:01
══════════════════════════════════════════════════════
【双脑连通检测】
  🔴 展示脑: 'latin-1' codec can't encode characters in position 70-75: ordinal not in range(256)
  🔴 内核脑: Token未配置
🔴 展示脑未连通，中止同步

══════════════════════════════════════════════════════
  龍魂·双脑同步引擎 v1.1
  2026-03-13 03:00:02
══════════════════════════════════════════════════════
【双脑连通检测】
  🔴 展示脑: 'latin-1' codec can't encode characters in position 70-75: ordinal not in range(256)
  🔴 内核脑: Token未配置
🔴 展示脑未连通，中止同步

══════════════════════════════════════════════════════
  龍魂·双脑同步引擎 v1.1
  2026-03-14 03:00:00
══════════════════════════════════════════════════════
【双脑连通检测】
  🔴 展示脑: 'latin-1' codec can't encode characters in position 70-75: ordinal not in range(256)
  🔴 内核脑: Token未配置
🔴 展示脑未连通，中止同步

══════════════════════════════════════════════════════
  龍魂·双脑同步引擎 v1.1
  2026-03-15 03:00:00
══════════════════════════════════════════════════════
【双脑连通检测】
  🔴 展示脑: 'latin-1' codec can't encode characters in position 70-75: ordinal not in range(256)
  🔴 内核脑: Token未配置
🔴 展示脑未连通，中止同步

══════════════════════════════════════════════════════
  龍魂·双脑同步引擎 v1.1
  2026-03-16 03:00:00
══════════════════════════════════════════════════════
【双脑连通检测】
  🔴 展示脑: 'latin-1' codec can't encode characters in position 70-75: ordinal not in range(256)
  🔴 内核脑: Token未配置
🔴 展示脑未连通，中止同步

══════════════════════════════════════════════════════
  龍魂·双脑同步引擎 v1.1
  2026-03-17 03:00:00
══════════════════════════════════════════════════════
【双脑连通检测】
  🔴 展示脑: 'latin-1' codec can't encode characters in position 70-75: ordinal not in range(256)
  🔴 内核脑: Token未配置
🔴 展示脑未连通，中止同步

══════════════════════════════════════════════════════
  龍魂·双脑同步引擎 v1.1
  2026-03-18 03:00:00
══════════════════════════════════════════════════════
【双脑连通检测】
  🔴 展示脑: 'latin-1' codec can't encode characters in position 70-75: ordinal not in range(256)
  🔴 内核脑: Token未配置
🔴 展示脑未连通，中止同步

══════════════════════════════════════════════════════
  龍魂·双脑同步引擎 v1.1
  2026-03-19 03:00:01
══════════════════════════════════════════════════════
【双脑连通检测】
  🔴 展示脑: 'latin-1' codec can't encode characters in position 70-75: ordinal not in range(256)
  🔴 内核脑: Token未配置
🔴 展示脑未连通，中止同步

══════════════════════════════════════════════════════
  龍魂·双脑同步引擎 v1.1 | Dual-Brain Sync Engine v1.1
  2026-03-20 03:00:00
══════════════════════════════════════════════════════
【双脑连通检测 | Dual-Brain Connectivity Check】
  🔴 展示脑: 'latin-1' codec can't encode characters in position 70-75: ordinal not in range(256)
  🔴 内核脑: Token未配置
🔴 展示脑未连通 | Display-Brain not connected，中止同步 | Sync aborted

══════════════════════════════════════════════════════
  龍魂·双脑同步引擎 v1.1 | Dual-Brain Sync Engine v1.1
  2026-03-21 03:00:00
══════════════════════════════════════════════════════
【双脑连通检测 | Dual-Brain Connectivity Check】
  🔴 展示脑: 'latin-1' codec can't encode characters in position 70-75: ordinal not in range(256)
  🔴 内核脑: Token未配置
🔴 展示脑未连通 | Display-Brain not connected，中止同步 | Sync aborted

══════════════════════════════════════════════════════
  龍魂·双脑同步引擎 v1.1 | Dual-Brain Sync Engine v1.1
  2026-03-22 03:00:01
══════════════════════════════════════════════════════
【双脑连通检测 | Dual-Brain Connectivity Check】
  🔴 展示脑: 'latin-1' codec can't encode characters in position 70-75: ordinal not in range(256)
  🔴 内核脑: Token未配置
🔴 展示脑未连通 | Display-Brain not connected，中止同步 | Sync aborted

══════════════════════════════════════════════════════
  龍魂·双脑同步引擎 v1.1 | Dual-Brain Sync Engine v1.1
  2026-03-23 03:00:01
══════════════════════════════════════════════════════
【双脑连通检测 | Dual-Brain Connectivity Check】
  🔴 展示脑: 'latin-1' codec can't encode characters in position 70-75: ordinal not in range(256)
  🔴 内核脑: Token未配置
🔴 展示脑未连通 | Display-Brain not connected，中止同步 | Sync aborted

══════════════════════════════════════════════════════
  龍魂·双脑同步引擎 v1.1 | Dual-Brain Sync Engine v1.1
  2026-03-24 03:00:00
══════════════════════════════════════════════════════
【双脑连通检测 | Dual-Brain Connectivity Check】
  🔴 展示脑: 'latin-1' codec can't encode characters in position 70-75: ordinal not in range(256)
  🔴 内核脑: Token未配置
🔴 展示脑未连通 | Display-Brain not connected，中止同步 | Sync aborted

══════════════════════════════════════════════════════
  龍魂·双脑同步引擎 v1.1 | Dual-Brain Sync Engine v1.1
  2026-03-25 03:00:00
══════════════════════════════════════════════════════
【双脑连通检测 | Dual-Brain Connectivity Check】
  🔴 展示脑: 'latin-1' codec can't encode characters in position 70-75: ordinal not in range(256)
  🔴 内核脑: Token未配置
🔴 展示脑未连通 | Display-Brain not connected，中止同步 | Sync aborted

══════════════════════════════════════════════════════
  龍魂·双脑同步引擎 v1.1 | Dual-Brain Sync Engine v1.1
  2026-03-26 03:00:00
══════════════════════════════════════════════════════
【双脑连通检测 | Dual-Brain Connectivity Check】
  🔴 展示脑: 'latin-1' codec can't encode characters in position 70-75: ordinal not in range(256)
  🔴 内核脑: Token未配置
🔴 展示脑未连通 | Display-Brain not connected，中止同步 | Sync aborted

══════════════════════════════════════════════════════
  龍魂·双脑同步引擎 v1.1 | Dual-Brain Sync Engine v1.1
  2026-03-27 03:00:01
══════════════════════════════════════════════════════
【双脑连通检测 | Dual-Brain Connectivity Check】
  🔴 展示脑: 'latin-1' codec can't encode characters in position 70-75: ordinal not in range(256)
  🔴 内核脑: Token未配置
🔴 展示脑未连通 | Display-Brain not connected，中止同步 | Sync aborted

══════════════════════════════════════════════════════
  龍魂·双脑同步引擎 v1.1 | Dual-Brain Sync Engine v1.1
  2026-03-28 03:00:00
══════════════════════════════════════════════════════
【双脑连通检测 | Dual-Brain Connectivity Check】
  🔴 展示脑: 'latin-1' codec can't encode characters in position 70-75: ordinal not in range(256)
  🔴 内核脑: Token未配置
🔴 展示脑未连通 | Display-Brain not connected，中止同步 | Sync aborted

══════════════════════════════════════════════════════
  龍魂·双脑同步引擎 v1.1 | Dual-Brain Sync Engine v1.1
  2026-03-29 03:00:01
══════════════════════════════════════════════════════
【双脑连通检测 | Dual-Brain Connectivity Check】
  🔴 展示脑: 'latin-1' codec can't encode characters in position 70-75: ordinal not in range(256)
  🔴 内核脑: Token未配置
🔴 展示脑未连通 | Display-Brain not connected，中止同步 | Sync aborted

══════════════════════════════════════════════════════
  龍魂·双脑同步引擎 v1.1 | Dual-Brain Sync Engine v1.1
  2026-03-30 03:00:00
══════════════════════════════════════════════════════
【双脑连通检测 | Dual-Brain Connectivity Check】
  🔴 展示脑: 'latin-1' codec can't encode characters in position 70-75: ordinal not in range(256)
  🔴 内核脑: Token未配置
🔴 展示脑未连通 | Display-Brain not connected，中止同步 | Sync aborted

══════════════════════════════════════════════════════
  龍魂·双脑同步引擎 v1.1 | Dual-Brain Sync Engine v1.1
  2026-03-31 03:00:01
══════════════════════════════════════════════════════
【双脑连通检测 | Dual-Brain Connectivity Check】
  🔴 展示脑: 'latin-1' codec can't encode characters in position 70-75: ordinal not in range(256)
  🔴 内核脑: Token未配置
🔴 展示脑未连通 | Display-Brain not connected，中止同步 | Sync aborted

══════════════════════════════════════════════════════
  龍魂·双脑同步引擎 v1.1 | Dual-Brain Sync Engine v1.1
  2026-04-01 03:00:01
══════════════════════════════════════════════════════
【双脑连通检测 | Dual-Brain Connectivity Check】
  🟢 展示脑: 已连接 · 💎 龍魂系统中枢大脑
  🔴 内核脑: Token未配置
🔴 内核脑未连通 | Core-Brain not connected，请检查 .env → NOTION_TOKEN_TEAM

══════════════════════════════════════════════════════
  龍魂·双脑同步引擎 v1.1 | Dual-Brain Sync Engine v1.1
  2026-04-02 03:00:01
══════════════════════════════════════════════════════
【双脑连通检测 | Dual-Brain Connectivity Check】
  🟢 展示脑: 已连接 · 💎 龍魂系统中枢大脑
  🔴 内核脑: Token未配置
🔴 内核脑未连通 | Core-Brain not connected，请检查 .env → NOTION_TOKEN_TEAM

══════════════════════════════════════════════════════
  龍魂·双脑同步引擎 v1.1 | Dual-Brain Sync Engine v1.1
  2026-04-03 03:00:01
══════════════════════════════════════════════════════
【双脑连通检测 | Dual-Brain Connectivity Check】
  🟢 展示脑: 已连接 · 💎 龍魂系统中枢大脑
  🟢 内核脑: 已连接 · 北极星没有眼泪

【读取展示脑页面 | Reading Display-Brain Pages】
  增量模式 | Incremental Mode·上次同步 | Last Sync: 2026-04-02T11:00
  读到 | Read 3 个页面 | pages

【本地备份 | Local Backup】
  💾 本地备份 | Local Backup → brain_backup.jsonl (3 条 | records)

【分类压缩 | Categorizing】
  🏛️ 治理宪法: 1 个
  🐉 决策引擎: 1 个
  👤 人格库: 1 个

【写入内核脑 | Writing to Core-Brain】
  父页: 自动选取「(无标题)」(33607171...)
  🟢 内核脑页面已创建: https://www.notion.so/2026-04-03-03-03-3360717172428102b8c4d8fb26405b84

══════════════════════════════════════════════════════
  同步完成 | Sync Done
  总页面 | Total Pages: 3  分类数 | Categories: 3
  内核脑 | Core-Brain: https://www.notion.so/2026-04-03-03-03-3360717172428102b8c4d
  DNA: #龍芯⚡️2026-04-03-BRAIN-SYNC-451FFA
  三色 | Audit: 🟢 通过 | Pass
══════════════════════════════════════════════════════


══════════════════════════════════════════════════════
  龍魂·双脑同步引擎 v1.1 | Dual-Brain Sync Engine v1.1
  2026-04-04 03:00:00
══════════════════════════════════════════════════════
【双脑连通检测 | Dual-Brain Connectivity Check】
  🟢 展示脑: 已连接 · 💎 龍魂系统中枢大脑
  🟢 内核脑: 已连接 · 北极星没有眼泪

【读取展示脑页面 | Reading Display-Brain Pages】
  增量模式 | Incremental Mode·上次同步 | Last Sync: 2026-04-03T08:04
  读到 | Read 3 个页面 | pages

【本地备份 | Local Backup】
  💾 本地备份 | Local Backup → brain_backup.jsonl (3 条 | records)

【分类压缩 | Categorizing】
  🈯 CNSH语言: 1 个
  🐉 决策引擎: 1 个
  📖 其他: 1 个

【写入内核脑 | Writing to Core-Brain】
  父页: 自动选取「龍魂·知识索引·内核脑 | 2026-04-03 08:03」(33707171...)
  🟢 内核脑页面已创建: https://www.notion.so/2026-04-04-03-03-3370717172428176b82fc335b7d68334

══════════════════════════════════════════════════════
  同步完成 | Sync Done
  总页面 | Total Pages: 3  分类数 | Categories: 3
  内核脑 | Core-Brain: https://www.notion.so/2026-04-04-03-03-3370717172428176b82fc
  DNA: #龍芯⚡️2026-04-04-BRAIN-SYNC-60CBE1
  三色 | Audit: 🟢 通过 | Pass
══════════════════════════════════════════════════════


══════════════════════════════════════════════════════
  龍魂·双脑同步引擎 v1.1 | Dual-Brain Sync Engine v1.1
  2026-04-05 03:00:00
══════════════════════════════════════════════════════
【双脑连通检测 | Dual-Brain Connectivity Check】
  🟢 展示脑: 已连接 · 💎 龍魂系统中枢大脑
  🟢 内核脑: 已连接 · 北极星没有眼泪

【读取展示脑页面 | Reading Display-Brain Pages】
  增量模式 | Incremental Mode·上次同步 | Last Sync: 2026-04-04T08:04
  读到 | Read 8 个页面 | pages

【本地备份 | Local Backup】
  💾 本地备份 | Local Backup → brain_backup.jsonl (8 条 | records)

【分类压缩 | Categorizing】
  🏛️ 治理宪法: 1 个
  👤 人格库: 2 个
  📖 其他: 3 个
  🔬 技术代码: 2 个

【写入内核脑 | Writing to Core-Brain】
  父页: 自动选取「龍魂·知识索引·内核脑 | 2026-04-04 08:04」(33807171...)
  🟢 内核脑页面已创建: https://www.notion.so/2026-04-05-03-03-338071717242815cbd5dcee3a5054db8

══════════════════════════════════════════════════════
  同步完成 | Sync Done
  总页面 | Total Pages: 8  分类数 | Categories: 4
  内核脑 | Core-Brain: https://www.notion.so/2026-04-05-03-03-338071717242815cbd5dc
  DNA: #龍芯⚡️2026-04-05-BRAIN-SYNC-9BFD8B
  三色 | Audit: 🟢 通过 | Pass
══════════════════════════════════════════════════════


══════════════════════════════════════════════════════
  龍魂·双脑同步引擎 v1.1 | Dual-Brain Sync Engine v1.1
  2026-04-06 03:00:00
══════════════════════════════════════════════════════
【双脑连通检测 | Dual-Brain Connectivity Check】
  🟢 展示脑: 已连接 · 💎 龍魂系统中枢大脑
  🟢 内核脑: 已连接 · 北极星没有眼泪

【读取展示脑页面 | Reading Display-Brain Pages】
  增量模式 | Incremental Mode·上次同步 | Last Sync: 2026-04-05T08:04
  读到 | Read 13 个页面 | pages

【本地备份 | Local Backup】
  💾 本地备份 | Local Backup → brain_backup.jsonl (13 条 | records)

【分类压缩 | Categorizing】
  ⚖️ 算法引擎: 1 个
  🐉 决策引擎: 4 个
  👤 人格库: 4 个
  📖 其他: 2 个
  🔬 技术代码: 1 个
  🧬 DNA体系: 1 个

【写入内核脑 | Writing to Core-Brain】
  父页: 自动选取「龍魂·知识索引·内核脑 | 2026-04-05 08:04」(33907171...)
  🟢 内核脑页面已创建: https://www.notion.so/2026-04-06-03-03-33907171724281c7afa2fd64730ba65d

══════════════════════════════════════════════════════
  同步完成 | Sync Done
  总页面 | Total Pages: 13  分类数 | Categories: 6
  内核脑 | Core-Brain: https://www.notion.so/2026-04-06-03-03-33907171724281c7afa2f
  DNA: #龍芯⚡️2026-04-06-BRAIN-SYNC-0522EB
  三色 | Audit: 🟢 通过 | Pass
══════════════════════════════════════════════════════


══════════════════════════════════════════════════════
  龍魂·双脑同步引擎 v1.1 | Dual-Brain Sync Engine v1.1
  2026-04-07 03:00:01
══════════════════════════════════════════════════════
【双脑连通检测 | Dual-Brain Connectivity Check】
  🟢 展示脑: 已连接 · 💎 龍魂系统中枢大脑
  🟢 内核脑: 已连接 · 北极星没有眼泪

【读取展示脑页面 | Reading Display-Brain Pages】
  增量模式 | Incremental Mode·上次同步 | Last Sync: 2026-04-06T08:04
  读到 | Read 7 个页面 | pages

【本地备份 | Local Backup】
  💾 本地备份 | Local Backup → brain_backup.jsonl (7 条 | records)

【分类压缩 | Categorizing】
  🏛️ 治理宪法: 1 个
  👤 人格库: 3 个
  📖 其他: 2 个
  🧬 DNA体系: 1 个

【写入内核脑 | Writing to Core-Brain】
  父页: 自动选取「龍魂·知识索引·内核脑 | 2026-04-06 08:04」(33a07171...)
  🟢 内核脑页面已创建: https://www.notion.so/2026-04-07-03-03-33a07171724281cdb56ce9133ff7b675

══════════════════════════════════════════════════════
  同步完成 | Sync Done
  总页面 | Total Pages: 7  分类数 | Categories: 4
  内核脑 | Core-Brain: https://www.notion.so/2026-04-07-03-03-33a07171724281cdb56ce
  DNA: #龍芯⚡️2026-04-07-BRAIN-SYNC-C872AD
  三色 | Audit: 🟢 通过 | Pass
══════════════════════════════════════════════════════


══════════════════════════════════════════════════════
  龍魂·双脑同步引擎 v1.1 | Dual-Brain Sync Engine v1.1
  2026-04-08 03:00:01
══════════════════════════════════════════════════════
【双脑连通检测 | Dual-Brain Connectivity Check】
  🟢 展示脑: 已连接 · 💎 龍魂系统中枢大脑
  🟢 内核脑: 已连接 · 北极星没有眼泪

【读取展示脑页面 | Reading Display-Brain Pages】
  增量模式 | Incremental Mode·上次同步 | Last Sync: 2026-04-07T08:01
  读到 | Read 7 个页面 | pages

【本地备份 | Local Backup】
  💾 本地备份 | Local Backup → brain_backup.jsonl (7 条 | records)

【分类压缩 | Categorizing】
  🏛️ 治理宪法: 2 个
  🐉 决策引擎: 1 个
  👤 人格库: 1 个
  📋 日志记录: 1 个
  🧬 DNA体系: 2 个

【写入内核脑 | Writing to Core-Brain】
  父页: 自动选取「龍魂·知识索引·内核脑 | 2026-04-07 08:01」(33b07171...)
  🟢 内核脑页面已创建: https://www.notion.so/2026-04-08-03-02-33b0717172428115ab48d455ea3d5c8d

══════════════════════════════════════════════════════
  同步完成 | Sync Done
  总页面 | Total Pages: 7  分类数 | Categories: 5
  内核脑 | Core-Brain: https://www.notion.so/2026-04-08-03-02-33b0717172428115ab48d
  DNA: #龍芯⚡️2026-04-08-BRAIN-SYNC-654AB8
  三色 | Audit: 🟢 通过 | Pass
══════════════════════════════════════════════════════


══════════════════════════════════════════════════════
  龍魂·双脑同步引擎 v1.1 | Dual-Brain Sync Engine v1.1
  2026-04-09 03:00:00
══════════════════════════════════════════════════════
【双脑连通检测 | Dual-Brain Connectivity Check】
  🟢 展示脑: 已连接 · 💎 龍魂系统中枢大脑
  🟢 内核脑: 已连接 · 北极星没有眼泪

【读取展示脑页面 | Reading Display-Brain Pages】
  增量模式 | Incremental Mode·上次同步 | Last Sync: 2026-04-08T08:03
  读到 | Read 5 个页面 | pages

【本地备份 | Local Backup】
  💾 本地备份 | Local Backup → brain_backup.jsonl (5 条 | records)

【分类压缩 | Categorizing】
  🎓 调教记录: 1 个
  🏛️ 治理宪法: 2 个
  🧬 DNA体系: 2 个

【写入内核脑 | Writing to Core-Brain】
  父页: 自动选取「龍魂·知识索引·内核脑 | 2026-04-08 08:03」(33c07171...)
  🟢 内核脑页面已创建: https://www.notion.so/2026-04-09-03-03-33c07171724281c68295d3a8958e3f6a

══════════════════════════════════════════════════════
  同步完成 | Sync Done
  总页面 | Total Pages: 5  分类数 | Categories: 3
  内核脑 | Core-Brain: https://www.notion.so/2026-04-09-03-03-33c07171724281c68295d
  DNA: #龍芯⚡️2026-04-09-BRAIN-SYNC-0DF155
  三色 | Audit: 🟢 通过 | Pass
══════════════════════════════════════════════════════

/Applications/Xcode.app/Contents/Developer/usr/bin/python3: can't open file '/Users/zuimeidedeyihan/longhun-system/brain_sync.py': [Errno 2] No such file or directory
